Using pre-set license
Built from '2022.3/staging' branch; Version is '2022.3.8f1 (b5eafc012955) revision 11922172'; Using compiler version '192829333'; Build Type 'Release'
OS: 'Windows 11  (10.0.22631) 64bit Professional' Language: 'en' Physical Memory: 65377 MB
BatchMode: 1, IsHumanControllingUs: 0, StartBugReporterOnCrash: 0, Is64bit: 1, IsPro: 1

COMMAND LINE ARGUMENTS:
D:\2022.3.8f1\Editor\Unity.exe
-adb2
-batchMode
-noUpm
-name
AssetImportWorker0
-projectPath
D:/unitytutorial/MyEndlessRoad
-logFile
Logs/AssetImportWorker0.log
-srvPort
51680
Successfully changed project path to: D:/unitytutorial/MyEndlessRoad
D:/unitytutorial/MyEndlessRoad
[UnityMemory] Configuration Parameters - Can be set up in boot.config
    "memorysetup-bucket-allocator-granularity=16"
    "memorysetup-bucket-allocator-bucket-count=8"
    "memorysetup-bucket-allocator-block-size=33554432"
    "memorysetup-bucket-allocator-block-count=8"
    "memorysetup-main-allocator-block-size=16777216"
    "memorysetup-thread-allocator-block-size=16777216"
    "memorysetup-gfx-main-allocator-block-size=16777216"
    "memorysetup-gfx-thread-allocator-block-size=16777216"
    "memorysetup-cache-allocator-block-size=4194304"
    "memorysetup-typetree-allocator-block-size=2097152"
    "memorysetup-profiler-bucket-allocator-granularity=16"
    "memorysetup-profiler-bucket-allocator-bucket-count=8"
    "memorysetup-profiler-bucket-allocator-block-size=33554432"
    "memorysetup-profiler-bucket-allocator-block-count=8"
    "memorysetup-profiler-allocator-block-size=16777216"
    "memorysetup-profiler-editor-allocator-block-size=1048576"
    "memorysetup-temp-allocator-size-main=16777216"
    "memorysetup-job-temp-allocator-block-size=2097152"
    "memorysetup-job-temp-allocator-block-size-background=1048576"
    "memorysetup-job-temp-allocator-reduction-small-platforms=262144"
    "memorysetup-allocator-temp-initial-block-size-main=262144"
    "memorysetup-allocator-temp-initial-block-size-worker=262144"
    "memorysetup-temp-allocator-size-background-worker=32768"
    "memorysetup-temp-allocator-size-job-worker=262144"
    "memorysetup-temp-allocator-size-preload-manager=33554432"
    "memorysetup-temp-allocator-size-nav-mesh-worker=65536"
    "memorysetup-temp-allocator-size-audio-worker=65536"
    "memorysetup-temp-allocator-size-cloud-worker=32768"
    "memorysetup-temp-allocator-size-gi-baking-worker=262144"
    "memorysetup-temp-allocator-size-gfx=262144"
Player connection [24980] Host "[IP] 192.168.70.64 [Port] 0 [Flags] 2 [Guid] 1848982413 [EditorId] 1848982413 [Version] 1048832 [Id] WindowsEditor(7,DP251) [Debug] 1 [PackageName] WindowsEditor [ProjectName] Editor" joined multi-casting on [225.0.0.222:54997]...

Player connection [24980] Host "[IP] 192.168.70.64 [Port] 0 [Flags] 2 [Guid] 1848982413 [EditorId] 1848982413 [Version] 1048832 [Id] WindowsEditor(7,DP251) [Debug] 1 [PackageName] WindowsEditor [ProjectName] Editor" joined alternative multi-casting on [225.0.0.222:34997]...

[Physics::Module] Initialized MultithreadedJobDispatcher with 23 workers.
Refreshing native plugins compatible for Editor in 3.54 ms, found 3 plugins.
Preloading 0 native plugins for Editor in 0.00 ms.
Initialize engine version: 2022.3.8f1 (b5eafc012955)
[Subsystems] Discovering subsystems at path D:/2022.3.8f1/Editor/Data/Resources/UnitySubsystems
[Subsystems] Discovering subsystems at path D:/unitytutorial/MyEndlessRoad/Assets
GfxDevice: creating device client; threaded=0; jobified=0
Direct3D:
    Version:  Direct3D 11.0 [level 11.1]
    Renderer: NVIDIA GeForce RTX 3080 Ti (ID=0x2208)
    Vendor:   NVIDIA
    VRAM:     12086 MB
    Driver:   32.0.15.6094
Initialize mono
Mono path[0] = 'D:/2022.3.8f1/Editor/Data/Managed'
Mono path[1] = 'D:/2022.3.8f1/Editor/Data/MonoBleedingEdge/lib/mono/unityjit-win32'
Mono config path = 'D:/2022.3.8f1/Editor/Data/MonoBleedingEdge/etc'
Using monoOptions --debugger-agent=transport=dt_socket,embedding=1,server=y,suspend=n,address=127.0.0.1:56096
Begin MonoManager ReloadAssembly
Registering precompiled unity dll's ...
Register platform support module: D:/2022.3.8f1/Editor/Data/PlaybackEngines/iOSSupport/UnityEditor.iOS.Extensions.dll
Register platform support module: D:/2022.3.8f1/Editor/Data/PlaybackEngines/WindowsStandaloneSupport/UnityEditor.WindowsStandalone.Extensions.dll
Registered in 0.002065 seconds.
- Loaded All Assemblies, in  0.211 seconds
Native extension for WindowsStandalone target not found
[usbmuxd] Start listen thread
[usbmuxd] Listen thread started
[usbmuxd] Send listen message
Native extension for iOS target not found
Mono: successfully reloaded assembly
- Finished resetting the current domain, in  0.170 seconds
Domain Reload Profiling: 381ms
	BeginReloadAssembly (64ms)
		ExecutionOrderSort (0ms)
		DisableScriptedObjects (0ms)
		BackupInstance (0ms)
		ReleaseScriptingObjects (0ms)
		CreateAndSetChildDomain (0ms)
	RebuildCommonClasses (21ms)
	RebuildNativeTypeToScriptingClass (7ms)
	initialDomainReloadingComplete (32ms)
	LoadAllAssembliesAndSetupDomain (86ms)
		LoadAssemblies (64ms)
		RebuildTransferFunctionScriptingTraits (0ms)
		AnalyzeDomain (85ms)
			TypeCache.Refresh (84ms)
				TypeCache.ScanAssembly (76ms)
			ScanForSourceGeneratedMonoScriptInfo (0ms)
			ResolveRequiredComponents (0ms)
	FinalizeReload (171ms)
		ReleaseScriptCaches (0ms)
		RebuildScriptCaches (0ms)
		SetupLoadedEditorAssemblies (134ms)
			LogAssemblyErrors (0ms)
			InitializePlatformSupportModulesInManaged (17ms)
			SetLoadedEditorAssemblies (4ms)
			RefreshPlugins (0ms)
			BeforeProcessingInitializeOnLoad (1ms)
			ProcessInitializeOnLoadAttributes (81ms)
			ProcessInitializeOnLoadMethodAttributes (32ms)
			AfterProcessingInitializeOnLoad (0ms)
			EditorAssembliesLoaded (0ms)
		ExecutionOrderSort2 (0ms)
		AwakeInstancesAfterBackupRestoration (0ms)
========================================================================
Worker process is ready to serve import requests
Begin MonoManager ReloadAssembly
- Loaded All Assemblies, in  0.392 seconds
Refreshing native plugins compatible for Editor in 1.10 ms, found 3 plugins.
Native extension for WindowsStandalone target not found
Native extension for iOS target not found
Package Manager log level set to [2]
[Package Manager] Server::EnsureServerProcessIsRunning -- launch failed, reason: Unity was launched with the -noUpm command-line argument
[Package Manager] UpmClient::Send -- Unable to send message (not connected to UPM process).
[Package Manager] Cannot connect to Unity Package Manager local server
Mono: successfully reloaded assembly
- Finished resetting the current domain, in  0.403 seconds
Domain Reload Profiling: 795ms
	BeginReloadAssembly (101ms)
		ExecutionOrderSort (0ms)
		DisableScriptedObjects (3ms)
		BackupInstance (0ms)
		ReleaseScriptingObjects (0ms)
		CreateAndSetChildDomain (15ms)
	RebuildCommonClasses (20ms)
	RebuildNativeTypeToScriptingClass (7ms)
	initialDomainReloadingComplete (23ms)
	LoadAllAssembliesAndSetupDomain (240ms)
		LoadAssemblies (186ms)
		RebuildTransferFunctionScriptingTraits (0ms)
		AnalyzeDomain (112ms)
			TypeCache.Refresh (99ms)
				TypeCache.ScanAssembly (89ms)
			ScanForSourceGeneratedMonoScriptInfo (9ms)
			ResolveRequiredComponents (3ms)
	FinalizeReload (403ms)
		ReleaseScriptCaches (0ms)
		RebuildScriptCaches (0ms)
		SetupLoadedEditorAssemblies (306ms)
			LogAssemblyErrors (0ms)
			InitializePlatformSupportModulesInManaged (13ms)
			SetLoadedEditorAssemblies (2ms)
			RefreshPlugins (0ms)
			BeforeProcessingInitializeOnLoad (34ms)
			ProcessInitializeOnLoadAttributes (243ms)
			ProcessInitializeOnLoadMethodAttributes (13ms)
			AfterProcessingInitializeOnLoad (1ms)
			EditorAssembliesLoaded (0ms)
		ExecutionOrderSort2 (0ms)
		AwakeInstancesAfterBackupRestoration (4ms)
Launched and connected shader compiler UnityShaderCompiler.exe after 0.05 seconds
Refreshing native plugins compatible for Editor in 1.41 ms, found 3 plugins.
Preloading 0 native plugins for Editor in 0.00 ms.
Unloading 3276 Unused Serialized files (Serialized files now loaded: 0)
Unloading 44 unused Assets / (130.0 KB). Loaded Objects now: 3747.
Memory consumption went from 196.9 MB to 196.7 MB.
Total: 2.510900 ms (FindLiveObjects: 0.178400 ms CreateObjectMapping: 0.072700 ms MarkObjects: 2.132800 ms  DeleteObjects: 0.126400 ms)

AssetImportParameters requested are different than current active one (requested -> active):
  custom:container-demuxer-ogg: 62fdf1f143b41e24485cea50d1cbac27 -> 
  custom:video-decoder-ogg-theora: a1e56fd34408186e4bbccfd4996cb3dc -> 
  custom:framework-win-MediaFoundation: 216162199b28c13a410421893ffa2e32 -> 
  custom:CustomObjectIndexerAttribute: 756ad292c208cfabdd7b50bc23989ffe -> 
  custom:container-demuxer-webm: 4f35f7cbe854078d1ac9338744f61a02 -> 
  custom:container-muxer-webm: aa71ff27fc2769a1b78a27578f13a17b -> 
  custom:video-decoder-webm-vp8: 9c59270c3fd7afecdb556c50c9e8de78 -> 
  custom:SearchIndexIgnoredProperties: e643bd26f0fe6173181afceb89e7c659 -> 
  custom:AudioImporter_EditorPlatform: d09bf68614088b80899f8185d706f6e7 -> 
  custom:video-encoder-webm-vp8: eb34c28f22e8b96e1ab97ce403110664 -> 
  custom:audio-decoder-ogg-vorbis: bf7c407c2cedff20999df2af8eb42d56 -> 
  custom:audio-encoder-webm-vorbis: bf7c407c2cedff20999df2af8eb42d56 -> 
========================================================================
Received Import Request.
  Time since last request: 3621.598294 seconds.
  path: Assets/Mixer/DefaultAudioMixer.mixer
  artifactKey: Guid(c6f5d3e62c2eb034a873b8cccb7042f3) Importer(815301076,1909f56bfc062723c751e8b465ee728b)
Start importing Assets/Mixer/DefaultAudioMixer.mixer using Guid(c6f5d3e62c2eb034a873b8cccb7042f3) Importer(815301076,1909f56bfc062723c751e8b465ee728b)  -> (artifact id: '9955a227e856c820db10f9432dec36ab') in 0.011960 seconds
Number of updated asset objects reloaded before import = 0
Number of asset objects unloaded after import = 4
========================================================================
Received Import Request.
  Time since last request: 15.039323 seconds.
  path: Assets/Mixer/DefaultAudioMixer.mixer
  artifactKey: Guid(c6f5d3e62c2eb034a873b8cccb7042f3) Importer(815301076,1909f56bfc062723c751e8b465ee728b)
Start importing Assets/Mixer/DefaultAudioMixer.mixer using Guid(c6f5d3e62c2eb034a873b8cccb7042f3) Importer(815301076,1909f56bfc062723c751e8b465ee728b)  -> (artifact id: '2975a733750fdf0c7a49afe0015fed05') in 0.003110 seconds
Number of updated asset objects reloaded before import = 0
Number of asset objects unloaded after import = 6
========================================================================
Received Import Request.
  Time since last request: 3.231330 seconds.
  path: Assets/Mixer/DefaultAudioMixer.mixer
  artifactKey: Guid(c6f5d3e62c2eb034a873b8cccb7042f3) Importer(815301076,1909f56bfc062723c751e8b465ee728b)
Start importing Assets/Mixer/DefaultAudioMixer.mixer using Guid(c6f5d3e62c2eb034a873b8cccb7042f3) Importer(815301076,1909f56bfc062723c751e8b465ee728b)  -> (artifact id: '811990777ffcbef9572cec451b9e8327') in 0.001876 seconds
Number of updated asset objects reloaded before import = 0
Number of asset objects unloaded after import = 6
========================================================================
Received Import Request.
  Time since last request: 7.181149 seconds.
  path: Assets/Mixer/DefaultAudioMixer.mixer
  artifactKey: Guid(c6f5d3e62c2eb034a873b8cccb7042f3) Importer(815301076,1909f56bfc062723c751e8b465ee728b)
Start importing Assets/Mixer/DefaultAudioMixer.mixer using Guid(c6f5d3e62c2eb034a873b8cccb7042f3) Importer(815301076,1909f56bfc062723c751e8b465ee728b)  -> (artifact id: 'dd8e32a8dc9743f7a100d1a8e27af459') in 0.002446 seconds
Number of updated asset objects reloaded before import = 0
Number of asset objects unloaded after import = 8
========================================================================
Received Import Request.
  Time since last request: 2.458153 seconds.
  path: Assets/Mixer/DefaultAudioMixer.mixer
  artifactKey: Guid(c6f5d3e62c2eb034a873b8cccb7042f3) Importer(815301076,1909f56bfc062723c751e8b465ee728b)
Start importing Assets/Mixer/DefaultAudioMixer.mixer using Guid(c6f5d3e62c2eb034a873b8cccb7042f3) Importer(815301076,1909f56bfc062723c751e8b465ee728b)  -> (artifact id: '02357c736e79e8cf0fa4e0386d42867a') in 0.002510 seconds
Number of updated asset objects reloaded before import = 0
Number of asset objects unloaded after import = 8
========================================================================
Received Import Request.
  Time since last request: 8.593114 seconds.
  path: Assets/Mixer/DefaultAudioMixer.mixer
  artifactKey: Guid(c6f5d3e62c2eb034a873b8cccb7042f3) Importer(815301076,1909f56bfc062723c751e8b465ee728b)
Start importing Assets/Mixer/DefaultAudioMixer.mixer using Guid(c6f5d3e62c2eb034a873b8cccb7042f3) Importer(815301076,1909f56bfc062723c751e8b465ee728b)  -> (artifact id: 'ea01e8232b11e76a4255db87a90cee1f') in 0.002439 seconds
Number of updated asset objects reloaded before import = 0
Number of asset objects unloaded after import = 8
========================================================================
Received Import Request.
  Time since last request: 1.965821 seconds.
  path: Assets/Mixer/DefaultAudioMixer.mixer
  artifactKey: Guid(c6f5d3e62c2eb034a873b8cccb7042f3) Importer(815301076,1909f56bfc062723c751e8b465ee728b)
Start importing Assets/Mixer/DefaultAudioMixer.mixer using Guid(c6f5d3e62c2eb034a873b8cccb7042f3) Importer(815301076,1909f56bfc062723c751e8b465ee728b)  -> (artifact id: 'bb268f5d8150ea270ee0467028a9b61f') in 0.002408 seconds
Number of updated asset objects reloaded before import = 0
Number of asset objects unloaded after import = 8
========================================================================
Received Import Request.
  Time since last request: 2247.974281 seconds.
  path: Assets/SFX
  artifactKey: Guid(8f3a0c1c49eaf674e908371f17992bb3) Importer(815301076,1909f56bfc062723c751e8b465ee728b)
Start importing Assets/SFX using Guid(8f3a0c1c49eaf674e908371f17992bb3) Importer(815301076,1909f56bfc062723c751e8b465ee728b)  -> (artifact id: '34536005bf0cf3dd392fa626f13d8b25') in 0.002440 seconds
Number of updated asset objects reloaded before import = 0
Number of asset objects unloaded after import = 0
========================================================================
Received Import Request.
  Time since last request: 131.667409 seconds.
  path: Assets/SFX/bounce-sound.mp3
  artifactKey: Guid(3c0d6451a91d32049af7552c0227991d) Importer(815301076,1909f56bfc062723c751e8b465ee728b)
Start importing Assets/SFX/bounce-sound.mp3 using Guid(3c0d6451a91d32049af7552c0227991d) Importer(815301076,1909f56bfc062723c751e8b465ee728b)  -> (artifact id: 'cefff11a1220881087452793127e7c25') in 0.231667 seconds
Number of updated asset objects reloaded before import = 0
Number of asset objects unloaded after import = 2
========================================================================
Received Import Request.
  Time since last request: 0.000012 seconds.
  path: Assets/SFX/engine-sound.mp3
  artifactKey: Guid(3f7671ba8d81c994fb0c8d9ce4b090ab) Importer(815301076,1909f56bfc062723c751e8b465ee728b)
Start importing Assets/SFX/engine-sound.mp3 using Guid(3f7671ba8d81c994fb0c8d9ce4b090ab) Importer(815301076,1909f56bfc062723c751e8b465ee728b)  -> (artifact id: 'abad8e3c2dcfe7dfceda20ee73d2fc11') in 0.008707 seconds
Number of updated asset objects reloaded before import = 0
Number of asset objects unloaded after import = 2
Editor requested this worker to shutdown with reason: Scaling down because of idle timeout
TcpMessagingSession - receive error
AssetImportWorkerClient::OnTransportError - code=2 error=End of file
AssetImportWorker is now disconnected from the server
Process exiting
Exiting without the bug reporter. Application will terminate with return code 0